<?xml version="1.0" encoding="UTF-8"?>
<!-- Generated by org.testng.reporters.JUnitReportReporter -->
<testsuite hostname="Rev-PG02C4SM" failures="0" tests="1" name="Testcases.Testcase01" time="7.763" errors="0" timestamp="2024-06-03T08:47:12 IST" skipped="0">
  <testcase classname="Testcases.Testcase01" name="Sheet1" time="7.763"/>
</testsuite> <!-- Testcases.Testcase01 -->
